<?xml version="1.0" encoding="UTF-8"?>
<testsuite xmlns:xsi="http://www.w3.org/2001/XMLSchema-instance" xsi:noNamespaceSchemaLocation="https://maven.apache.org/surefire/maven-surefire-plugin/xsd/surefire-test-report-3.0.xsd" version="3.0" name="dk.gov.nemlogin.signing.SigningPayloadServiceTest" time="3.393" tests="1" errors="0" skipped="0" failures="0">
  <properties>
[...]
</properties>
  <testcase name="testGenerateSignersDocuments" classname="dk.gov.nemlogin.signing.SigningPayloadServiceTest" time="2.396"/>
</testsuite>